[2021-02-04 09:36:32 +0800] [468523] [INFO] Starting gunicorn 20.0.4
[2021-02-04 09:36:32 +0800] [468523] [INFO] Listening at: http://0.0.0.0:8000 (468523)
[2021-02-04 09:36:32 +0800] [468523] [INFO] Using worker: sync
[2021-02-04 09:36:32 +0800] [468525] [INFO] Booting worker with pid: 468525
[2021-02-04 09:38:49 +0800] [468523] [CRITICAL] WORKER TIMEOUT (pid:468525)
[2021-02-04 09:38:49 +0800] [468525] [INFO] Worker exiting (pid: 468525)
[2021-02-04 09:38:49 +0800] [468608] [INFO] Booting worker with pid: 468608
[2021-02-04 09:40:19 +0800] [468523] [CRITICAL] WORKER TIMEOUT (pid:468608)
[2021-02-04 09:40:19 +0800] [468608] [INFO] Worker exiting (pid: 468608)
[2021-02-04 09:40:19 +0800] [468750] [INFO] Booting worker with pid: 468750
[2021-02-04 09:41:56 +0800] [468523] [CRITICAL] WORKER TIMEOUT (pid:468750)
[2021-02-04 09:41:56 +0800] [468750] [INFO] Worker exiting (pid: 468750)
[2021-02-04 09:41:56 +0800] [468850] [INFO] Booting worker with pid: 468850
[2021-02-04 09:44:04 +0800] [468523] [CRITICAL] WORKER TIMEOUT (pid:468850)
[2021-02-04 09:44:04 +0800] [468850] [INFO] Worker exiting (pid: 468850)
[2021-02-04 09:44:04 +0800] [468949] [INFO] Booting worker with pid: 468949
[2021-02-04 09:44:35 +0800] [468523] [CRITICAL] WORKER TIMEOUT (pid:468949)
[2021-02-04 09:44:35 +0800] [468949] [INFO] Worker exiting (pid: 468949)
[2021-02-04 09:44:35 +0800] [468951] [INFO] Booting worker with pid: 468951
[2021-02-04 09:48:17 +0800] [468523] [CRITICAL] WORKER TIMEOUT (pid:468951)
[2021-02-04 09:48:17 +0800] [468951] [INFO] Worker exiting (pid: 468951)
[2021-02-04 09:48:17 +0800] [468971] [INFO] Booting worker with pid: 468971
[2021-02-04 09:49:36 +0800] [468523] [CRITICAL] WORKER TIMEOUT (pid:468971)
[2021-02-04 09:49:36 +0800] [468971] [INFO] Worker exiting (pid: 468971)
[2021-02-04 09:49:36 +0800] [468976] [INFO] Booting worker with pid: 468976
[2021-02-04 09:50:49 +0800] [468523] [CRITICAL] WORKER TIMEOUT (pid:468976)
[2021-02-04 09:50:49 +0800] [468976] [INFO] Worker exiting (pid: 468976)
[2021-02-04 09:50:50 +0800] [468982] [INFO] Booting worker with pid: 468982
[2021-02-04 09:51:28 +0800] [468523] [CRITICAL] WORKER TIMEOUT (pid:468982)
[2021-02-04 09:51:28 +0800] [468982] [INFO] Worker exiting (pid: 468982)
[2021-02-04 09:51:28 +0800] [469095] [INFO] Booting worker with pid: 469095
[2021-02-04 09:53:31 +0800] [468523] [CRITICAL] WORKER TIMEOUT (pid:469095)
[2021-02-04 09:53:31 +0800] [469095] [INFO] Worker exiting (pid: 469095)
[2021-02-04 09:53:31 +0800] [469180] [INFO] Booting worker with pid: 469180
[2021-02-04 09:55:37 +0800] [468523] [CRITICAL] WORKER TIMEOUT (pid:469180)
[2021-02-04 09:55:37 +0800] [469180] [INFO] Worker exiting (pid: 469180)
[2021-02-04 09:55:37 +0800] [469272] [INFO] Booting worker with pid: 469272
[2021-02-04 09:56:58 +0800] [468523] [CRITICAL] WORKER TIMEOUT (pid:469272)
[2021-02-04 09:56:58 +0800] [469272] [INFO] Worker exiting (pid: 469272)
[2021-02-04 09:56:58 +0800] [469315] [INFO] Booting worker with pid: 469315
[2021-02-04 09:57:29 +0800] [468523] [CRITICAL] WORKER TIMEOUT (pid:469315)
[2021-02-04 09:57:29 +0800] [469315] [INFO] Worker exiting (pid: 469315)
[2021-02-04 09:57:30 +0800] [469319] [INFO] Booting worker with pid: 469319
[2021-02-04 09:58:01 +0800] [468523] [CRITICAL] WORKER TIMEOUT (pid:469319)
[2021-02-04 09:58:01 +0800] [469319] [INFO] Worker exiting (pid: 469319)
[2021-02-04 09:58:01 +0800] [469320] [INFO] Booting worker with pid: 469320
[2021-02-04 09:58:32 +0800] [468523] [CRITICAL] WORKER TIMEOUT (pid:469320)
[2021-02-04 09:58:32 +0800] [469320] [INFO] Worker exiting (pid: 469320)
[2021-02-04 09:58:32 +0800] [469339] [INFO] Booting worker with pid: 469339
[2021-02-04 09:59:21 +0800] [468523] [CRITICAL] WORKER TIMEOUT (pid:469339)
[2021-02-04 09:59:21 +0800] [469339] [INFO] Worker exiting (pid: 469339)
[2021-02-04 09:59:21 +0800] [469364] [INFO] Booting worker with pid: 469364
[2021-02-04 09:59:52 +0800] [468523] [CRITICAL] WORKER TIMEOUT (pid:469364)
[2021-02-04 09:59:52 +0800] [469364] [INFO] Worker exiting (pid: 469364)
[2021-02-04 09:59:52 +0800] [469401] [INFO] Booting worker with pid: 469401
[2021-02-04 10:00:25 +0800] [468523] [CRITICAL] WORKER TIMEOUT (pid:469401)
[2021-02-04 10:00:25 +0800] [469401] [INFO] Worker exiting (pid: 469401)
[2021-02-04 10:00:25 +0800] [469408] [INFO] Booting worker with pid: 469408
[2021-02-04 10:00:56 +0800] [468523] [CRITICAL] WORKER TIMEOUT (pid:469408)
[2021-02-04 10:00:56 +0800] [469408] [INFO] Worker exiting (pid: 469408)
[2021-02-04 10:00:56 +0800] [469410] [INFO] Booting worker with pid: 469410
[2021-02-04 10:02:13 +0800] [468523] [CRITICAL] WORKER TIMEOUT (pid:469410)
[2021-02-04 10:02:13 +0800] [469410] [INFO] Worker exiting (pid: 469410)
[2021-02-04 10:02:13 +0800] [469412] [INFO] Booting worker with pid: 469412
[2021-02-04 10:05:22 +0800] [468523] [CRITICAL] WORKER TIMEOUT (pid:469412)
[2021-02-04 10:05:22 +0800] [469412] [INFO] Worker exiting (pid: 469412)
[2021-02-04 10:05:22 +0800] [469486] [INFO] Booting worker with pid: 469486
[2021-02-04 10:05:55 +0800] [468523] [CRITICAL] WORKER TIMEOUT (pid:469486)
[2021-02-04 10:05:55 +0800] [469486] [INFO] Worker exiting (pid: 469486)
[2021-02-04 10:05:55 +0800] [469488] [INFO] Booting worker with pid: 469488
[2021-02-04 10:06:48 +0800] [468523] [CRITICAL] WORKER TIMEOUT (pid:469488)
[2021-02-04 10:06:48 +0800] [469488] [INFO] Worker exiting (pid: 469488)
[2021-02-04 10:06:48 +0800] [469490] [INFO] Booting worker with pid: 469490
[2021-02-04 10:12:17 +0800] [468523] [CRITICAL] WORKER TIMEOUT (pid:469490)
[2021-02-04 10:12:17 +0800] [469490] [INFO] Worker exiting (pid: 469490)
[2021-02-04 10:12:17 +0800] [469632] [INFO] Booting worker with pid: 469632
[2021-02-04 10:12:48 +0800] [468523] [CRITICAL] WORKER TIMEOUT (pid:469632)
[2021-02-04 10:12:48 +0800] [469632] [INFO] Worker exiting (pid: 469632)
[2021-02-04 10:12:48 +0800] [469634] [INFO] Booting worker with pid: 469634
[2021-02-04 10:13:22 +0800] [468523] [CRITICAL] WORKER TIMEOUT (pid:469634)
[2021-02-04 10:13:22 +0800] [469634] [INFO] Worker exiting (pid: 469634)
[2021-02-04 10:13:22 +0800] [469635] [INFO] Booting worker with pid: 469635
[2021-02-04 10:14:26 +0800] [468523] [CRITICAL] WORKER TIMEOUT (pid:469635)
[2021-02-04 10:14:26 +0800] [469635] [INFO] Worker exiting (pid: 469635)
[2021-02-04 10:14:26 +0800] [469637] [INFO] Booting worker with pid: 469637
[2021-02-04 10:15:12 +0800] [468523] [CRITICAL] WORKER TIMEOUT (pid:469637)
[2021-02-04 10:15:12 +0800] [469637] [INFO] Worker exiting (pid: 469637)
[2021-02-04 10:15:12 +0800] [469644] [INFO] Booting worker with pid: 469644
[2021-02-04 10:17:27 +0800] [468523] [CRITICAL] WORKER TIMEOUT (pid:469644)
[2021-02-04 10:17:27 +0800] [469644] [INFO] Worker exiting (pid: 469644)
[2021-02-04 10:17:27 +0800] [469651] [INFO] Booting worker with pid: 469651
[2021-02-04 10:17:58 +0800] [468523] [CRITICAL] WORKER TIMEOUT (pid:469651)
[2021-02-04 10:17:58 +0800] [469651] [INFO] Worker exiting (pid: 469651)
[2021-02-04 10:17:58 +0800] [469653] [INFO] Booting worker with pid: 469653
[2021-02-04 10:24:25 +0800] [468523] [CRITICAL] WORKER TIMEOUT (pid:469653)
[2021-02-04 10:24:25 +0800] [469653] [INFO] Worker exiting (pid: 469653)
[2021-02-04 10:24:25 +0800] [469664] [INFO] Booting worker with pid: 469664
[2021-02-04 10:39:16 +0800] [468523] [CRITICAL] WORKER TIMEOUT (pid:469664)
[2021-02-04 10:39:16 +0800] [469664] [INFO] Worker exiting (pid: 469664)
[2021-02-04 10:39:16 +0800] [469918] [INFO] Booting worker with pid: 469918
[2021-02-04 10:40:57 +0800] [468523] [CRITICAL] WORKER TIMEOUT (pid:469918)
[2021-02-04 10:40:57 +0800] [469918] [INFO] Worker exiting (pid: 469918)
[2021-02-04 10:40:57 +0800] [470046] [INFO] Booting worker with pid: 470046
[2021-02-04 10:55:43 +0800] [468523] [CRITICAL] WORKER TIMEOUT (pid:470046)
[2021-02-04 10:55:43 +0800] [470046] [INFO] Worker exiting (pid: 470046)
[2021-02-04 10:55:43 +0800] [470249] [INFO] Booting worker with pid: 470249
[2021-02-04 11:01:13 +0800] [468523] [CRITICAL] WORKER TIMEOUT (pid:470249)
[2021-02-04 11:01:13 +0800] [470249] [INFO] Worker exiting (pid: 470249)
[2021-02-04 11:01:14 +0800] [470401] [INFO] Booting worker with pid: 470401
[2021-02-04 11:02:04 +0800] [468523] [CRITICAL] WORKER TIMEOUT (pid:470401)
[2021-02-04 11:02:04 +0800] [470401] [INFO] Worker exiting (pid: 470401)
[2021-02-04 11:02:04 +0800] [470404] [INFO] Booting worker with pid: 470404
[2021-02-04 11:06:51 +0800] [468523] [CRITICAL] WORKER TIMEOUT (pid:470404)
[2021-02-04 11:06:51 +0800] [470404] [INFO] Worker exiting (pid: 470404)
[2021-02-04 11:06:51 +0800] [470417] [INFO] Booting worker with pid: 470417
[2021-02-04 12:23:32 +0800] [468523] [CRITICAL] WORKER TIMEOUT (pid:470417)
[2021-02-04 12:23:32 +0800] [470417] [INFO] Worker exiting (pid: 470417)
[2021-02-04 12:23:32 +0800] [470557] [INFO] Booting worker with pid: 470557
